<?xml version="1.0" encoding="UTF-8"?>
<robot generator="Robot 3.1.2 (Python 3.7.3 on darwin)" generated="20200501 15:54:24.983" rpa="false">
<suite id="s1" name="Test" source="/Users/aboma/workspace/work/robotframework-demo/Tests/test.robot">
<test id="s1-t1" name="Run OCR Test">
<kw name="List Files In Directory" library="OperatingSystem">
<doc>Wrapper for `List Directory` that returns only files.</doc>
<arguments>
<arg>${RAW_DATA_FOLDER}</arg>
<arg>*.png</arg>
<arg>absolute</arg>
</arguments>
<assign>
<var>@{files}</var>
</assign>
<msg timestamp="20200501 15:54:25.552" level="INFO" html="yes">Listing contents of directory '&lt;a href="file:///Users/aboma/workspace/work/robotframework-demo/Tests/raw-data"&gt;/Users/aboma/workspace/work/robotframework-demo/Tests/raw-data&lt;/a&gt;'.</msg>
<msg timestamp="20200501 15:54:25.552" level="INFO">5 files:
/Users/aboma/workspace/work/robotframework-demo/Tests/raw-data/hello-01.png
/Users/aboma/workspace/work/robotframework-demo/Tests/raw-data/hello-02.png
/Users/aboma/workspace/work/robotframework-demo/Tests/raw-data/hello-03.png
/Users/aboma/workspace/work/robotframework-demo/Tests/raw-data/introduction.png
/Users/aboma/workspace/work/robotframework-demo/Tests/raw-data/test.png</msg>
<msg timestamp="20200501 15:54:25.553" level="INFO">@{files} = [ /Users/aboma/workspace/work/robotframework-demo/Tests/raw-data/hello-01.png | /Users/aboma/workspace/work/robotframework-demo/Tests/raw-data/hello-02.png | /Users/aboma/workspace/work/robotframework...</msg>
<status status="PASS" starttime="20200501 15:54:25.551" endtime="20200501 15:54:25.553"></status>
</kw>
<kw name="${FILE} IN [ @{files} ]" type="for">
<kw name="${FILE} = /Users/aboma/workspace/work/robotframework-demo/Tests/raw-data/hello-01.png" type="foritem">
<kw name="Execute Tesseract Script">
<arguments>
<arg>${FILE}</arg>
</arguments>
<kw name="Split Path" library="OperatingSystem">
<doc>Splits the given path from the last path separator (``/`` or ``\``).</doc>
<arguments>
<arg>${filepath}</arg>
</arguments>
<assign>
<var>${path}</var>
<var>${filename}</var>
</assign>
<msg timestamp="20200501 15:54:25.555" level="INFO">${path} = /Users/aboma/workspace/work/robotframework-demo/Tests/raw-data</msg>
<msg timestamp="20200501 15:54:25.556" level="INFO">${filename} = hello-01.png</msg>
<status status="PASS" starttime="20200501 15:54:25.555" endtime="20200501 15:54:25.556"></status>
</kw>
<kw name="Split Extension" library="OperatingSystem">
<doc>Splits the extension from the given path.</doc>
<arguments>
<arg>${filename}</arg>
</arguments>
<assign>
<var>${name}</var>
<var>${extension}</var>
</assign>
<msg timestamp="20200501 15:54:25.556" level="INFO">${name} = hello-01</msg>
<msg timestamp="20200501 15:54:25.556" level="INFO">${extension} = png</msg>
<status status="PASS" starttime="20200501 15:54:25.556" endtime="20200501 15:54:25.556"></status>
</kw>
<kw name="Run Process" library="Process">
<doc>Runs a process and waits for it to complete.</doc>
<arguments>
<arg>python</arg>
<arg>${OCR_FOLDER}tesseract.py</arg>
<arg>-i ${filepath}</arg>
<arg>-o ${OUTPUT_FOLDER}/${name}-output.txt</arg>
<arg>shell=yes</arg>
</arguments>
<assign>
<var>${result}</var>
</assign>
<msg timestamp="20200501 15:54:25.558" level="INFO">Starting process:
python /Users/aboma/workspace/work/robotframework-demo/Tests/ocr-scripts/tesseract.py "-i /Users/aboma/workspace/work/robotframework-demo/Tests/raw-data/hello-01.png" "-o /Users/aboma/workspace/work/robotframework-demo/Tests/output/hello-01-output.txt"</msg>
<msg timestamp="20200501 15:54:25.564" level="INFO">Waiting for process to complete.</msg>
<msg timestamp="20200501 15:54:31.007" level="INFO">Process completed.</msg>
<msg timestamp="20200501 15:54:31.008" level="INFO">${result} = &lt;result object with rc 0&gt;</msg>
<status status="PASS" starttime="20200501 15:54:25.557" endtime="20200501 15:54:31.008"></status>
</kw>
<status status="PASS" starttime="20200501 15:54:25.554" endtime="20200501 15:54:31.008"></status>
</kw>
<status status="PASS" starttime="20200501 15:54:25.554" endtime="20200501 15:54:31.008"></status>
</kw>
<kw name="${FILE} = /Users/aboma/workspace/work/robotframework-demo/Tests/raw-data/hello-02.png" type="foritem">
<kw name="Execute Tesseract Script">
<arguments>
<arg>${FILE}</arg>
</arguments>
<kw name="Split Path" library="OperatingSystem">
<doc>Splits the given path from the last path separator (``/`` or ``\``).</doc>
<arguments>
<arg>${filepath}</arg>
</arguments>
<assign>
<var>${path}</var>
<var>${filename}</var>
</assign>
<msg timestamp="20200501 15:54:31.010" level="INFO">${path} = /Users/aboma/workspace/work/robotframework-demo/Tests/raw-data</msg>
<msg timestamp="20200501 15:54:31.010" level="INFO">${filename} = hello-02.png</msg>
<status status="PASS" starttime="20200501 15:54:31.010" endtime="20200501 15:54:31.010"></status>
</kw>
<kw name="Split Extension" library="OperatingSystem">
<doc>Splits the extension from the given path.</doc>
<arguments>
<arg>${filename}</arg>
</arguments>
<assign>
<var>${name}</var>
<var>${extension}</var>
</assign>
<msg timestamp="20200501 15:54:31.011" level="INFO">${name} = hello-02</msg>
<msg timestamp="20200501 15:54:31.011" level="INFO">${extension} = png</msg>
<status status="PASS" starttime="20200501 15:54:31.011" endtime="20200501 15:54:31.011"></status>
</kw>
<kw name="Run Process" library="Process">
<doc>Runs a process and waits for it to complete.</doc>
<arguments>
<arg>python</arg>
<arg>${OCR_FOLDER}tesseract.py</arg>
<arg>-i ${filepath}</arg>
<arg>-o ${OUTPUT_FOLDER}/${name}-output.txt</arg>
<arg>shell=yes</arg>
</arguments>
<assign>
<var>${result}</var>
</assign>
<msg timestamp="20200501 15:54:31.012" level="INFO">Starting process:
python /Users/aboma/workspace/work/robotframework-demo/Tests/ocr-scripts/tesseract.py "-i /Users/aboma/workspace/work/robotframework-demo/Tests/raw-data/hello-02.png" "-o /Users/aboma/workspace/work/robotframework-demo/Tests/output/hello-02-output.txt"</msg>
<msg timestamp="20200501 15:54:31.017" level="INFO">Waiting for process to complete.</msg>
<msg timestamp="20200501 15:54:31.730" level="INFO">Process completed.</msg>
<msg timestamp="20200501 15:54:31.730" level="INFO">${result} = &lt;result object with rc 0&gt;</msg>
<status status="PASS" starttime="20200501 15:54:31.011" endtime="20200501 15:54:31.730"></status>
</kw>
<status status="PASS" starttime="20200501 15:54:31.009" endtime="20200501 15:54:31.730"></status>
</kw>
<status status="PASS" starttime="20200501 15:54:31.009" endtime="20200501 15:54:31.731"></status>
</kw>
<kw name="${FILE} = /Users/aboma/workspace/work/robotframework-demo/Tests/raw-data/hello-03.png" type="foritem">
<kw name="Execute Tesseract Script">
<arguments>
<arg>${FILE}</arg>
</arguments>
<kw name="Split Path" library="OperatingSystem">
<doc>Splits the given path from the last path separator (``/`` or ``\``).</doc>
<arguments>
<arg>${filepath}</arg>
</arguments>
<assign>
<var>${path}</var>
<var>${filename}</var>
</assign>
<msg timestamp="20200501 15:54:31.732" level="INFO">${path} = /Users/aboma/workspace/work/robotframework-demo/Tests/raw-data</msg>
<msg timestamp="20200501 15:54:31.732" level="INFO">${filename} = hello-03.png</msg>
<status status="PASS" starttime="20200501 15:54:31.732" endtime="20200501 15:54:31.732"></status>
</kw>
<kw name="Split Extension" library="OperatingSystem">
<doc>Splits the extension from the given path.</doc>
<arguments>
<arg>${filename}</arg>
</arguments>
<assign>
<var>${name}</var>
<var>${extension}</var>
</assign>
<msg timestamp="20200501 15:54:31.733" level="INFO">${name} = hello-03</msg>
<msg timestamp="20200501 15:54:31.733" level="INFO">${extension} = png</msg>
<status status="PASS" starttime="20200501 15:54:31.732" endtime="20200501 15:54:31.733"></status>
</kw>
<kw name="Run Process" library="Process">
<doc>Runs a process and waits for it to complete.</doc>
<arguments>
<arg>python</arg>
<arg>${OCR_FOLDER}tesseract.py</arg>
<arg>-i ${filepath}</arg>
<arg>-o ${OUTPUT_FOLDER}/${name}-output.txt</arg>
<arg>shell=yes</arg>
</arguments>
<assign>
<var>${result}</var>
</assign>
<msg timestamp="20200501 15:54:31.734" level="INFO">Starting process:
python /Users/aboma/workspace/work/robotframework-demo/Tests/ocr-scripts/tesseract.py "-i /Users/aboma/workspace/work/robotframework-demo/Tests/raw-data/hello-03.png" "-o /Users/aboma/workspace/work/robotframework-demo/Tests/output/hello-03-output.txt"</msg>
<msg timestamp="20200501 15:54:31.739" level="INFO">Waiting for process to complete.</msg>
<msg timestamp="20200501 15:54:32.763" level="INFO">Process completed.</msg>
<msg timestamp="20200501 15:54:32.763" level="INFO">${result} = &lt;result object with rc 0&gt;</msg>
<status status="PASS" starttime="20200501 15:54:31.733" endtime="20200501 15:54:32.764"></status>
</kw>
<status status="PASS" starttime="20200501 15:54:31.731" endtime="20200501 15:54:32.764"></status>
</kw>
<status status="PASS" starttime="20200501 15:54:31.731" endtime="20200501 15:54:32.764"></status>
</kw>
<kw name="${FILE} = /Users/aboma/workspace/work/robotframework-demo/Tests/raw-data/introduction.png" type="foritem">
<kw name="Execute Tesseract Script">
<arguments>
<arg>${FILE}</arg>
</arguments>
<kw name="Split Path" library="OperatingSystem">
<doc>Splits the given path from the last path separator (``/`` or ``\``).</doc>
<arguments>
<arg>${filepath}</arg>
</arguments>
<assign>
<var>${path}</var>
<var>${filename}</var>
</assign>
<msg timestamp="20200501 15:54:32.766" level="INFO">${path} = /Users/aboma/workspace/work/robotframework-demo/Tests/raw-data</msg>
<msg timestamp="20200501 15:54:32.766" level="INFO">${filename} = introduction.png</msg>
<status status="PASS" starttime="20200501 15:54:32.766" endtime="20200501 15:54:32.766"></status>
</kw>
<kw name="Split Extension" library="OperatingSystem">
<doc>Splits the extension from the given path.</doc>
<arguments>
<arg>${filename}</arg>
</arguments>
<assign>
<var>${name}</var>
<var>${extension}</var>
</assign>
<msg timestamp="20200501 15:54:32.767" level="INFO">${name} = introduction</msg>
<msg timestamp="20200501 15:54:32.767" level="INFO">${extension} = png</msg>
<status status="PASS" starttime="20200501 15:54:32.766" endtime="20200501 15:54:32.767"></status>
</kw>
<kw name="Run Process" library="Process">
<doc>Runs a process and waits for it to complete.</doc>
<arguments>
<arg>python</arg>
<arg>${OCR_FOLDER}tesseract.py</arg>
<arg>-i ${filepath}</arg>
<arg>-o ${OUTPUT_FOLDER}/${name}-output.txt</arg>
<arg>shell=yes</arg>
</arguments>
<assign>
<var>${result}</var>
</assign>
<msg timestamp="20200501 15:54:32.769" level="INFO">Starting process:
python /Users/aboma/workspace/work/robotframework-demo/Tests/ocr-scripts/tesseract.py "-i /Users/aboma/workspace/work/robotframework-demo/Tests/raw-data/introduction.png" "-o /Users/aboma/workspace/work/robotframework-demo/Tests/output/introduction-output.txt"</msg>
<msg timestamp="20200501 15:54:32.773" level="INFO">Waiting for process to complete.</msg>
<msg timestamp="20200501 15:54:34.082" level="INFO">Process completed.</msg>
<msg timestamp="20200501 15:54:34.082" level="INFO">${result} = &lt;result object with rc 0&gt;</msg>
<status status="PASS" starttime="20200501 15:54:32.768" endtime="20200501 15:54:34.082"></status>
</kw>
<status status="PASS" starttime="20200501 15:54:32.765" endtime="20200501 15:54:34.082"></status>
</kw>
<status status="PASS" starttime="20200501 15:54:32.764" endtime="20200501 15:54:34.082"></status>
</kw>
<kw name="${FILE} = /Users/aboma/workspace/work/robotframework-demo/Tests/raw-data/test.png" type="foritem">
<kw name="Execute Tesseract Script">
<arguments>
<arg>${FILE}</arg>
</arguments>
<kw name="Split Path" library="OperatingSystem">
<doc>Splits the given path from the last path separator (``/`` or ``\``).</doc>
<arguments>
<arg>${filepath}</arg>
</arguments>
<assign>
<var>${path}</var>
<var>${filename}</var>
</assign>
<msg timestamp="20200501 15:54:34.084" level="INFO">${path} = /Users/aboma/workspace/work/robotframework-demo/Tests/raw-data</msg>
<msg timestamp="20200501 15:54:34.084" level="INFO">${filename} = test.png</msg>
<status status="PASS" starttime="20200501 15:54:34.084" endtime="20200501 15:54:34.084"></status>
</kw>
<kw name="Split Extension" library="OperatingSystem">
<doc>Splits the extension from the given path.</doc>
<arguments>
<arg>${filename}</arg>
</arguments>
<assign>
<var>${name}</var>
<var>${extension}</var>
</assign>
<msg timestamp="20200501 15:54:34.084" level="INFO">${name} = test</msg>
<msg timestamp="20200501 15:54:34.085" level="INFO">${extension} = png</msg>
<status status="PASS" starttime="20200501 15:54:34.084" endtime="20200501 15:54:34.085"></status>
</kw>
<kw name="Run Process" library="Process">
<doc>Runs a process and waits for it to complete.</doc>
<arguments>
<arg>python</arg>
<arg>${OCR_FOLDER}tesseract.py</arg>
<arg>-i ${filepath}</arg>
<arg>-o ${OUTPUT_FOLDER}/${name}-output.txt</arg>
<arg>shell=yes</arg>
</arguments>
<assign>
<var>${result}</var>
</assign>
<msg timestamp="20200501 15:54:34.085" level="INFO">Starting process:
python /Users/aboma/workspace/work/robotframework-demo/Tests/ocr-scripts/tesseract.py "-i /Users/aboma/workspace/work/robotframework-demo/Tests/raw-data/test.png" "-o /Users/aboma/workspace/work/robotframework-demo/Tests/output/test-output.txt"</msg>
<msg timestamp="20200501 15:54:34.091" level="INFO">Waiting for process to complete.</msg>
<msg timestamp="20200501 15:54:36.923" level="INFO">Process completed.</msg>
<msg timestamp="20200501 15:54:36.923" level="INFO">${result} = &lt;result object with rc 0&gt;</msg>
<status status="PASS" starttime="20200501 15:54:34.085" endtime="20200501 15:54:36.923"></status>
</kw>
<status status="PASS" starttime="20200501 15:54:34.083" endtime="20200501 15:54:36.924"></status>
</kw>
<status status="PASS" starttime="20200501 15:54:34.083" endtime="20200501 15:54:36.924"></status>
</kw>
<status status="PASS" starttime="20200501 15:54:25.553" endtime="20200501 15:54:36.924"></status>
</kw>
<status status="PASS" starttime="20200501 15:54:25.550" endtime="20200501 15:54:36.924" critical="yes"></status>
</test>
<doc>Simple example using SeleniumLibrary.</doc>
<status status="PASS" starttime="20200501 15:54:24.985" endtime="20200501 15:54:36.926"></status>
</suite>
<statistics>
<total>
<stat pass="1" fail="0">Critical Tests</stat>
<stat pass="1" fail="0">All Tests</stat>
</total>
<tag>
</tag>
<suite>
<stat pass="1" fail="0" id="s1" name="Test">Test</stat>
</suite>
</statistics>
<errors>
</errors>
</robot>
